<?xml version="1.0" encoding="UTF-8"?>
<testng-results skipped="0" failed="0" total="1" passed="1">
  <reporter-output>
  </reporter-output>
  <suite name="Suite" duration-ms="51930" started-at="2019-07-27T13:26:17Z" finished-at="2019-07-27T13:27:09Z">
    <groups>
    </groups>
    <test name="Test" duration-ms="51930" started-at="2019-07-27T13:26:17Z" finished-at="2019-07-27T13:27:09Z">
      <class name="com.facebook.test.GoogleHomePageTest">
        <test-method status="PASS" signature="testSetUp()[pri:0, instance:com.facebook.test.GoogleHomePageTest@19dfb72a]" name="testSetUp" is-config="true" duration-ms="41150" started-at="2019-07-27T18:56:17Z" finished-at="2019-07-27T18:56:59Z">
          <reporter-output>
          </reporter-output>
        </test-method> <!-- testSetUp -->
        <test-method status="PASS" signature="verifyGooglePageTittle()[pri:0, instance:com.facebook.test.GoogleHomePageTest@19dfb72a]" name="verifyGooglePageTittle" duration-ms="3533" started-at="2019-07-27T18:56:59Z" finished-at="2019-07-27T18:57:02Z">
          <reporter-output>
          </reporter-output>
        </test-method> <!-- verifyGooglePageTittle -->
        <test-method status="PASS" signature="tearDown()[pri:0, instance:com.facebook.test.GoogleHomePageTest@19dfb72a]" name="tearDown" is-config="true" duration-ms="7204" started-at="2019-07-27T18:57:02Z" finished-at="2019-07-27T18:57:09Z">
          <reporter-output>
          </reporter-output>
        </test-method> <!-- tearDown -->
      </class> <!-- com.facebook.test.GoogleHomePageTest -->
    </test> <!-- Test -->
  </suite> <!-- Suite -->
</testng-results>
